2021-10-01 13:04:20,638 INFO o.a.j.u.JMeterUtils: Setting Locale to en_EN
2021-10-01 13:04:20,654 INFO o.a.j.JMeter: Loading user properties from: user.properties
2021-10-01 13:04:20,655 INFO o.a.j.JMeter: Loading system properties from: system.properties
2021-10-01 13:04:20,656 INFO o.a.j.JMeter: Setting JMeter property: SERVERURL=14.99.175.107
2021-10-01 13:04:20,656 INFO o.a.j.JMeter: Setting JMeter property: PORTNO=17670
2021-10-01 13:04:20,656 INFO o.a.j.JMeter: Setting JMeter property: USERCOUNT=5
2021-10-01 13:04:20,656 INFO o.a.j.JMeter: Setting JMeter property: DURATION=100
2021-10-01 13:04:20,656 INFO o.a.j.JMeter: Setting JMeter property: RAMPUP=1
2021-10-01 13:04:20,656 INFO o.a.j.JMeter: Setting JMeter property: RAMPDOWN==1
2021-10-01 13:04:20,661 INFO o.a.j.JMeter: Copyright (c) 1998-2021 The Apache Software Foundation
2021-10-01 13:04:20,661 INFO o.a.j.JMeter: Version 5.4.1
2021-10-01 13:04:20,662 INFO o.a.j.JMeter: java.version=11.0.10
2021-10-01 13:04:20,662 INFO o.a.j.JMeter: java.vm.name=Java HotSpot(TM) 64-Bit Server VM
2021-10-01 13:04:20,662 INFO o.a.j.JMeter: os.name=Windows 10
2021-10-01 13:04:20,662 INFO o.a.j.JMeter: os.arch=amd64
2021-10-01 13:04:20,662 INFO o.a.j.JMeter: os.version=10.0
2021-10-01 13:04:20,662 INFO o.a.j.JMeter: file.encoding=Cp1252
2021-10-01 13:04:20,662 INFO o.a.j.JMeter: java.awt.headless=true
2021-10-01 13:04:20,662 INFO o.a.j.JMeter: Max memory     =1073741824
2021-10-01 13:04:20,662 INFO o.a.j.JMeter: Available Processors =8
2021-10-01 13:04:20,719 INFO o.a.j.JMeter: Default Locale=English (EN)
2021-10-01 13:04:20,720 INFO o.a.j.JMeter: JMeter  Locale=English (EN)
2021-10-01 13:04:20,721 INFO o.a.j.JMeter: JMeterHome=E:\apache-jmeter-5.4.1
2021-10-01 13:04:20,721 INFO o.a.j.JMeter: user.dir  =E:\apache-jmeter-5.4.1\bin
2021-10-01 13:04:20,722 INFO o.a.j.JMeter: PWD       =E:\apache-jmeter-5.4.1\bin
2021-10-01 13:04:20,727 INFO o.a.j.JMeter: IP: 192.168.0.108 Name: 94N0PT2 FullName: 94N0PT2.infotech.com
2021-10-01 13:04:20,732 INFO o.a.j.JMeter: Setting property 'jmeter.reportgenerator.outputdir' to:'E:\apache-jmeter-5.4.1\sampleProject\Report'
2021-10-01 13:04:20,734 INFO o.a.j.s.FileServer: Default base='E:\apache-jmeter-5.4.1\bin'
2021-10-01 13:04:20,735 INFO o.a.j.s.FileServer: Set new base='E:\apache-jmeter-5.4.1\sampleProject'
2021-10-01 13:04:20,882 INFO o.a.j.s.SaveService: Testplan (JMX) version: 2.2. Testlog (JTL) version: 2.2
2021-10-01 13:04:20,897 INFO o.a.j.s.SaveService: Using SaveService properties version 5.0
2021-10-01 13:04:20,900 INFO o.a.j.s.SaveService: Using SaveService properties file encoding UTF-8
2021-10-01 13:04:20,903 INFO o.a.j.s.SaveService: Loading file: E:\apache-jmeter-5.4.1\sampleProject\OnlineShoppingCartFWK.jmx
2021-10-01 13:04:20,940 INFO o.a.j.p.h.s.HTTPSamplerBase: Parser for text/html is org.apache.jmeter.protocol.http.parser.LagartoBasedHtmlParser
2021-10-01 13:04:20,940 INFO o.a.j.p.h.s.HTTPSamplerBase: Parser for application/xhtml+xml is org.apache.jmeter.protocol.http.parser.LagartoBasedHtmlParser
2021-10-01 13:04:20,940 INFO o.a.j.p.h.s.HTTPSamplerBase: Parser for application/xml is org.apache.jmeter.protocol.http.parser.LagartoBasedHtmlParser
2021-10-01 13:04:20,940 INFO o.a.j.p.h.s.HTTPSamplerBase: Parser for text/xml is org.apache.jmeter.protocol.http.parser.LagartoBasedHtmlParser
2021-10-01 13:04:20,940 INFO o.a.j.p.h.s.HTTPSamplerBase: Parser for text/vnd.wap.wml is org.apache.jmeter.protocol.http.parser.RegexpHTMLParser
2021-10-01 13:04:20,940 INFO o.a.j.p.h.s.HTTPSamplerBase: Parser for text/css is org.apache.jmeter.protocol.http.parser.CssParser
2021-10-01 13:04:21,000 INFO o.a.j.p.h.c.CacheManager: Will only cache the following methods: [GET]
2021-10-01 13:04:21,001 INFO o.a.j.p.h.c.CookieManager: Settings: Delete null: true Check: true Allow variable: true Save: false Prefix: COOKIE_
2021-10-01 13:04:21,032 INFO o.a.j.s.SampleResult: Note: Sample TimeStamps are START times
2021-10-01 13:04:21,032 INFO o.a.j.s.SampleResult: sampleresult.default.encoding is set to ISO-8859-1
2021-10-01 13:04:21,032 INFO o.a.j.s.SampleResult: sampleresult.useNanoTime=true
2021-10-01 13:04:21,032 INFO o.a.j.s.SampleResult: sampleresult.nanoThreadSleep=5000
2021-10-01 13:04:21,263 INFO o.a.j.e.KeyToolUtils: keytool found at 'keytool'
2021-10-01 13:04:21,265 INFO o.a.j.p.h.p.ProxyControl: HTTP(S) Test Script Recorder SSL Proxy will use keys that support embedded 3rd party resources in file E:\apache-jmeter-5.4.1\bin\proxyserver.jks
2021-10-01 13:04:21,286 INFO o.a.j.JMeter: Creating summariser <summary>
2021-10-01 13:04:21,291 INFO o.a.j.r.d.ReportGenerator: ReportGenerator will use for Parsing the separator: ','
2021-10-01 13:04:21,291 INFO o.a.j.r.d.ReportGenerator: Will generate report at end of test from  results file: E:\apache-jmeter-5.4.1\sampleProject\result.jtl
2021-10-01 13:04:21,291 INFO o.a.j.r.d.ReportGenerator: Reading report generator properties from: E:\apache-jmeter-5.4.1\bin\reportgenerator.properties
2021-10-01 13:04:21,293 INFO o.a.j.r.d.ReportGenerator: Merging with JMeter properties
2021-10-01 13:04:21,336 INFO o.a.j.r.c.ReportGeneratorConfiguration: Property 'jmeter.reportgenerator.temp_dir' not found, using default value 'temp' instead.
2021-10-01 13:04:21,339 INFO o.a.j.r.c.ReportGeneratorConfiguration: Property 'jmeter.reportgenerator.apdex_per_transaction' not found, using default value 'null' instead.
2021-10-01 13:04:21,340 INFO o.a.j.r.c.ReportGeneratorConfiguration: apdex_per_transaction is empty, not APDEX per transaction customization
2021-10-01 13:04:21,340 INFO o.a.j.r.c.ReportGeneratorConfiguration: Property 'jmeter.reportgenerator.sample_filter' not found, using default value 'null' instead.
2021-10-01 13:04:21,340 INFO o.a.j.r.c.ReportGeneratorConfiguration: Property 'jmeter.reportgenerator.report_title' not found, using default value 'null' instead.
2021-10-01 13:04:21,340 INFO o.a.j.r.c.ReportGeneratorConfiguration: Property 'jmeter.reportgenerator.start_date' not found, using default value 'null' instead.
2021-10-01 13:04:21,341 INFO o.a.j.r.c.ReportGeneratorConfiguration: Property 'jmeter.reportgenerator.end_date' not found, using default value 'null' instead.
2021-10-01 13:04:21,341 INFO o.a.j.r.c.ReportGeneratorConfiguration: Property 'jmeter.reportgenerator.date_format' not found, using default value 'null' instead.
2021-10-01 13:04:21,341 INFO o.a.j.r.c.ReportGeneratorConfiguration: Will use date range start date: null, end date: null
2021-10-01 13:04:21,397 INFO o.a.j.r.c.ReportGeneratorConfiguration: Property 'jmeter.reportgenerator.graph.totalTPS.exclude_controllers' not found, using default value 'false' instead.
2021-10-01 13:04:21,399 INFO o.a.j.r.c.ReportGeneratorConfiguration: Property 'jmeter.reportgenerator.graph.activeThreadsOverTime.exclude_controllers' not found, using default value 'false' instead.
2021-10-01 13:04:21,399 INFO o.a.j.r.c.ReportGeneratorConfiguration: Property 'jmeter.reportgenerator.graph.timeVsThreads.exclude_controllers' not found, using default value 'false' instead.
2021-10-01 13:04:21,400 INFO o.a.j.r.c.ReportGeneratorConfiguration: Property 'jmeter.reportgenerator.graph.responseTimeDistribution.exclude_controllers' not found, using default value 'false' instead.
2021-10-01 13:04:21,401 INFO o.a.j.r.c.ReportGeneratorConfiguration: Property 'jmeter.reportgenerator.graph.transactionsPerSecond.exclude_controllers' not found, using default value 'false' instead.
2021-10-01 13:04:21,401 INFO o.a.j.r.c.ReportGeneratorConfiguration: Property 'jmeter.reportgenerator.graph.responseTimePercentiles.exclude_controllers' not found, using default value 'false' instead.
2021-10-01 13:04:21,403 INFO o.a.j.r.c.ReportGeneratorConfiguration: Property 'jmeter.reportgenerator.graph.responseTimePercentilesOverTime.exclude_controllers' not found, using default value 'false' instead.
2021-10-01 13:04:21,404 INFO o.a.j.r.c.ReportGeneratorConfiguration: Property 'jmeter.reportgenerator.graph.responseTimesOverTime.exclude_controllers' not found, using default value 'false' instead.
2021-10-01 13:04:21,404 INFO o.a.j.r.c.ReportGeneratorConfiguration: Property 'jmeter.reportgenerator.graph.connectTimeOverTime.exclude_controllers' not found, using default value 'false' instead.
2021-10-01 13:04:21,405 INFO o.a.j.r.c.ReportGeneratorConfiguration: Property 'jmeter.reportgenerator.graph.latenciesOverTime.exclude_controllers' not found, using default value 'false' instead.
2021-10-01 13:04:21,409 INFO o.a.j.r.c.ReportGeneratorConfiguration: Property 'jmeter.reportgenerator.exporter.json.filters_only_sample_series' not found, using default value 'true' instead.
2021-10-01 13:04:21,410 INFO o.a.j.r.c.ReportGeneratorConfiguration: Property 'jmeter.reportgenerator.exporter.json.series_filter' not found, using default value '' instead.
2021-10-01 13:04:21,410 INFO o.a.j.r.c.ReportGeneratorConfiguration: Property 'jmeter.reportgenerator.exporter.json.show_controllers_only' not found, using default value 'false' instead.
2021-10-01 13:04:21,412 INFO o.a.j.r.c.ReportGeneratorConfiguration: Property 'jmeter.reportgenerator.exporter.html.filters_only_sample_series' not found, using default value 'true' instead.
2021-10-01 13:04:21,412 INFO o.a.j.r.c.ReportGeneratorConfiguration: Property 'jmeter.reportgenerator.exporter.html.series_filter' not found, using default value '' instead.
2021-10-01 13:04:21,413 INFO o.a.j.r.c.ReportGeneratorConfiguration: Property 'jmeter.reportgenerator.exporter.html.show_controllers_only' not found, using default value 'false' instead.
2021-10-01 13:04:21,428 INFO o.a.j.e.StandardJMeterEngine: Running the test!
2021-10-01 13:04:21,448 INFO o.a.j.s.SampleEvent: List of sample_variables: []
2021-10-01 13:04:21,448 INFO o.a.j.s.SampleEvent: List of sample_variables: []
2021-10-01 13:04:21,496 INFO o.a.j.e.u.CompoundVariable: Note: Function class names must contain the string: '.functions.'
2021-10-01 13:04:21,496 INFO o.a.j.e.u.CompoundVariable: Note: Function class names must not contain the string: '.gui.'
2021-10-01 13:04:21,822 INFO o.a.j.v.b.BackendListener: Backend Listener: Starting worker with class: class org.apache.jmeter.visualizers.backend.influxdb.InfluxdbBackendListenerClient and queue capacity: 5000
2021-10-01 13:04:21,823 INFO o.a.j.v.b.BackendListener: Backend Listener: Started  worker with class: class org.apache.jmeter.visualizers.backend.influxdb.InfluxdbBackendListenerClient
2021-10-01 13:04:22,478 INFO o.a.j.JMeter: Running test (1633073662478)
2021-10-01 13:04:22,543 INFO o.a.j.e.StandardJMeterEngine: Starting ThreadGroup: 1 : jp@gc - Stepping Thread Group - For all scenario
2021-10-01 13:04:22,543 INFO o.a.j.e.StandardJMeterEngine: Starting 5 threads for group jp@gc - Stepping Thread Group - For all scenario.
2021-10-01 13:04:22,544 INFO o.a.j.e.StandardJMeterEngine: Thread will continue on error
2021-10-01 13:04:22,544 INFO k.a.j.t.AbstractSimpleThreadGroup: Starting thread group number 1 threads 5
2021-10-01 13:04:22,570 INFO k.a.j.t.AbstractSimpleThreadGroup: Started thread group number 1
2021-10-01 13:04:22,570 INFO o.a.j.e.StandardJMeterEngine: All thread groups have been started
2021-10-01 13:04:23,545 INFO o.a.j.t.JMeterThread: Thread started: jp@gc - Stepping Thread Group - For all scenario 1-1
2021-10-01 13:04:23,552 INFO o.a.j.s.FileServer: Stored: Credentials.csv
2021-10-01 13:04:23,621 INFO o.a.j.s.FileServer: Stored: testcases.csv
2021-10-01 13:04:23,621 ERROR o.a.j.v.b.i.HttpMetricsSender: failed to send data to influxDB server.
java.net.ConnectException: Connection refused: no further information
	at sun.nio.ch.SocketChannelImpl.checkConnect(Native Method) ~[?:?]
	at sun.nio.ch.SocketChannelImpl.finishConnect(SocketChannelImpl.java:779) ~[?:?]
	at org.apache.http.impl.nio.reactor.DefaultConnectingIOReactor.processEvent(DefaultConnectingIOReactor.java:174) [httpcore-nio-4.4.13.jar:4.4.13]
	at org.apache.http.impl.nio.reactor.DefaultConnectingIOReactor.processEvents(DefaultConnectingIOReactor.java:148) [httpcore-nio-4.4.13.jar:4.4.13]
	at org.apache.http.impl.nio.reactor.AbstractMultiworkerIOReactor.execute(AbstractMultiworkerIOReactor.java:351) [httpcore-nio-4.4.13.jar:4.4.13]
	at org.apache.http.impl.nio.conn.PoolingNHttpClientConnectionManager.execute(PoolingNHttpClientConnectionManager.java:221) [httpasyncclient-4.1.4.jar:4.1.4]
	at org.apache.http.impl.nio.client.CloseableHttpAsyncClientBase$1.run(CloseableHttpAsyncClientBase.java:64) [httpasyncclient-4.1.4.jar:4.1.4]
	at java.lang.Thread.run(Thread.java:834) [?:?]
2021-10-01 13:04:23,728 INFO o.a.j.p.h.s.HTTPHCAbstractImpl: Local host = 94N0PT2
2021-10-01 13:04:23,753 INFO o.a.j.p.h.s.HTTPHC4Impl: HTTP request retry count = 0
2021-10-01 13:04:28,467 ERROR o.a.j.v.b.i.HttpMetricsSender: failed to send data to influxDB server.
java.net.ConnectException: Connection refused: no further information
	at sun.nio.ch.SocketChannelImpl.checkConnect(Native Method) ~[?:?]
	at sun.nio.ch.SocketChannelImpl.finishConnect(SocketChannelImpl.java:779) ~[?:?]
	at org.apache.http.impl.nio.reactor.DefaultConnectingIOReactor.processEvent(DefaultConnectingIOReactor.java:174) [httpcore-nio-4.4.13.jar:4.4.13]
	at org.apache.http.impl.nio.reactor.DefaultConnectingIOReactor.processEvents(DefaultConnectingIOReactor.java:148) [httpcore-nio-4.4.13.jar:4.4.13]
	at org.apache.http.impl.nio.reactor.AbstractMultiworkerIOReactor.execute(AbstractMultiworkerIOReactor.java:351) [httpcore-nio-4.4.13.jar:4.4.13]
	at org.apache.http.impl.nio.conn.PoolingNHttpClientConnectionManager.execute(PoolingNHttpClientConnectionManager.java:221) [httpasyncclient-4.1.4.jar:4.1.4]
	at org.apache.http.impl.nio.client.CloseableHttpAsyncClientBase$1.run(CloseableHttpAsyncClientBase.java:64) [httpasyncclient-4.1.4.jar:4.1.4]
	at java.lang.Thread.run(Thread.java:834) [?:?]
2021-10-01 13:04:33,445 ERROR o.a.j.v.b.i.HttpMetricsSender: failed to send data to influxDB server.
java.net.ConnectException: Timeout connecting to [localhost/127.0.0.1:8086]
	at org.apache.http.nio.pool.RouteSpecificPool.timeout(RouteSpecificPool.java:169) [httpcore-nio-4.4.13.jar:4.4.13]
	at org.apache.http.nio.pool.AbstractNIOConnPool.requestTimeout(AbstractNIOConnPool.java:632) [httpcore-nio-4.4.13.jar:4.4.13]
	at org.apache.http.nio.pool.AbstractNIOConnPool$InternalSessionRequestCallback.timeout(AbstractNIOConnPool.java:898) [httpcore-nio-4.4.13.jar:4.4.13]
	at org.apache.http.impl.nio.reactor.SessionRequestImpl.timeout(SessionRequestImpl.java:198) [httpcore-nio-4.4.13.jar:4.4.13]
	at org.apache.http.impl.nio.reactor.DefaultConnectingIOReactor.processTimeouts(DefaultConnectingIOReactor.java:213) [httpcore-nio-4.4.13.jar:4.4.13]
	at org.apache.http.impl.nio.reactor.DefaultConnectingIOReactor.processEvents(DefaultConnectingIOReactor.java:158) [httpcore-nio-4.4.13.jar:4.4.13]
	at org.apache.http.impl.nio.reactor.AbstractMultiworkerIOReactor.execute(AbstractMultiworkerIOReactor.java:351) [httpcore-nio-4.4.13.jar:4.4.13]
	at org.apache.http.impl.nio.conn.PoolingNHttpClientConnectionManager.execute(PoolingNHttpClientConnectionManager.java:221) [httpasyncclient-4.1.4.jar:4.1.4]
	at org.apache.http.impl.nio.client.CloseableHttpAsyncClientBase$1.run(CloseableHttpAsyncClientBase.java:64) [httpasyncclient-4.1.4.jar:4.1.4]
	at java.lang.Thread.run(Thread.java:834) [?:?]
2021-10-01 13:04:34,676 INFO o.a.j.t.JMeterThread: Thread started: jp@gc - Stepping Thread Group - For all scenario 1-2
2021-10-01 13:04:34,686 INFO o.a.j.r.Summariser: summary +      2 in 00:00:12 =    0.2/s Avg:     0 Min:     0 Max:     0 Err:     0 (0.00%) Active: 2 Started: 2 Finished: 0
2021-10-01 13:04:38,446 ERROR o.a.j.v.b.i.HttpMetricsSender: failed to send data to influxDB server.
java.net.ConnectException: Connection refused: no further information
	at sun.nio.ch.SocketChannelImpl.checkConnect(Native Method) ~[?:?]
	at sun.nio.ch.SocketChannelImpl.finishConnect(SocketChannelImpl.java:779) ~[?:?]
	at org.apache.http.impl.nio.reactor.DefaultConnectingIOReactor.processEvent(DefaultConnectingIOReactor.java:174) [httpcore-nio-4.4.13.jar:4.4.13]
	at org.apache.http.impl.nio.reactor.DefaultConnectingIOReactor.processEvents(DefaultConnectingIOReactor.java:148) [httpcore-nio-4.4.13.jar:4.4.13]
	at org.apache.http.impl.nio.reactor.AbstractMultiworkerIOReactor.execute(AbstractMultiworkerIOReactor.java:351) [httpcore-nio-4.4.13.jar:4.4.13]
	at org.apache.http.impl.nio.conn.PoolingNHttpClientConnectionManager.execute(PoolingNHttpClientConnectionManager.java:221) [httpasyncclient-4.1.4.jar:4.1.4]
	at org.apache.http.impl.nio.client.CloseableHttpAsyncClientBase$1.run(CloseableHttpAsyncClientBase.java:64) [httpasyncclient-4.1.4.jar:4.1.4]
	at java.lang.Thread.run(Thread.java:834) [?:?]
2021-10-01 13:04:41,964 INFO o.a.j.u.JsseSSLManager: Using default SSL protocol: TLS
2021-10-01 13:04:41,964 INFO o.a.j.u.JsseSSLManager: SSL session context: per-thread
2021-10-01 13:04:43,447 ERROR o.a.j.v.b.i.HttpMetricsSender: failed to send data to influxDB server.
java.net.ConnectException: Timeout connecting to [localhost/127.0.0.1:8086]
	at org.apache.http.nio.pool.RouteSpecificPool.timeout(RouteSpecificPool.java:169) [httpcore-nio-4.4.13.jar:4.4.13]
	at org.apache.http.nio.pool.AbstractNIOConnPool.requestTimeout(AbstractNIOConnPool.java:632) [httpcore-nio-4.4.13.jar:4.4.13]
	at org.apache.http.nio.pool.AbstractNIOConnPool$InternalSessionRequestCallback.timeout(AbstractNIOConnPool.java:898) [httpcore-nio-4.4.13.jar:4.4.13]
	at org.apache.http.impl.nio.reactor.SessionRequestImpl.timeout(SessionRequestImpl.java:198) [httpcore-nio-4.4.13.jar:4.4.13]
	at org.apache.http.impl.nio.reactor.DefaultConnectingIOReactor.processTimeouts(DefaultConnectingIOReactor.java:213) [httpcore-nio-4.4.13.jar:4.4.13]
	at org.apache.http.impl.nio.reactor.DefaultConnectingIOReactor.processEvents(DefaultConnectingIOReactor.java:158) [httpcore-nio-4.4.13.jar:4.4.13]
	at org.apache.http.impl.nio.reactor.AbstractMultiworkerIOReactor.execute(AbstractMultiworkerIOReactor.java:351) [httpcore-nio-4.4.13.jar:4.4.13]
	at org.apache.http.impl.nio.conn.PoolingNHttpClientConnectionManager.execute(PoolingNHttpClientConnectionManager.java:221) [httpasyncclient-4.1.4.jar:4.1.4]
	at org.apache.http.impl.nio.client.CloseableHttpAsyncClientBase$1.run(CloseableHttpAsyncClientBase.java:64) [httpasyncclient-4.1.4.jar:4.1.4]
	at java.lang.Thread.run(Thread.java:834) [?:?]
2021-10-01 13:04:45,545 INFO o.a.j.t.JMeterThread: Thread started: jp@gc - Stepping Thread Group - For all scenario 1-3
2021-10-01 13:04:48,445 ERROR o.a.j.v.b.i.HttpMetricsSender: failed to send data to influxDB server.
java.net.ConnectException: Connection refused: no further information
	at sun.nio.ch.SocketChannelImpl.checkConnect(Native Method) ~[?:?]
	at sun.nio.ch.SocketChannelImpl.finishConnect(SocketChannelImpl.java:779) ~[?:?]
	at org.apache.http.impl.nio.reactor.DefaultConnectingIOReactor.processEvent(DefaultConnectingIOReactor.java:174) [httpcore-nio-4.4.13.jar:4.4.13]
	at org.apache.http.impl.nio.reactor.DefaultConnectingIOReactor.processEvents(DefaultConnectingIOReactor.java:148) [httpcore-nio-4.4.13.jar:4.4.13]
	at org.apache.http.impl.nio.reactor.AbstractMultiworkerIOReactor.execute(AbstractMultiworkerIOReactor.java:351) [httpcore-nio-4.4.13.jar:4.4.13]
	at org.apache.http.impl.nio.conn.PoolingNHttpClientConnectionManager.execute(PoolingNHttpClientConnectionManager.java:221) [httpasyncclient-4.1.4.jar:4.1.4]
	at org.apache.http.impl.nio.client.CloseableHttpAsyncClientBase$1.run(CloseableHttpAsyncClientBase.java:64) [httpasyncclient-4.1.4.jar:4.1.4]
	at java.lang.Thread.run(Thread.java:834) [?:?]
2021-10-01 13:04:53,446 ERROR o.a.j.v.b.i.HttpMetricsSender: failed to send data to influxDB server.
java.net.ConnectException: Connection refused: no further information
	at sun.nio.ch.SocketChannelImpl.checkConnect(Native Method) ~[?:?]
	at sun.nio.ch.SocketChannelImpl.finishConnect(SocketChannelImpl.java:779) ~[?:?]
	at org.apache.http.impl.nio.reactor.DefaultConnectingIOReactor.processEvent(DefaultConnectingIOReactor.java:174) [httpcore-nio-4.4.13.jar:4.4.13]
	at org.apache.http.impl.nio.reactor.DefaultConnectingIOReactor.processEvents(DefaultConnectingIOReactor.java:148) [httpcore-nio-4.4.13.jar:4.4.13]
	at org.apache.http.impl.nio.reactor.AbstractMultiworkerIOReactor.execute(AbstractMultiworkerIOReactor.java:351) [httpcore-nio-4.4.13.jar:4.4.13]
	at org.apache.http.impl.nio.conn.PoolingNHttpClientConnectionManager.execute(PoolingNHttpClientConnectionManager.java:221) [httpasyncclient-4.1.4.jar:4.1.4]
	at org.apache.http.impl.nio.client.CloseableHttpAsyncClientBase$1.run(CloseableHttpAsyncClientBase.java:64) [httpasyncclient-4.1.4.jar:4.1.4]
	at java.lang.Thread.run(Thread.java:834) [?:?]
2021-10-01 13:04:56,545 INFO o.a.j.t.JMeterThread: Thread started: jp@gc - Stepping Thread Group - For all scenario 1-4
2021-10-01 13:04:58,446 ERROR o.a.j.v.b.i.HttpMetricsSender: failed to send data to influxDB server.
java.net.ConnectException: Timeout connecting to [localhost/127.0.0.1:8086]
	at org.apache.http.nio.pool.RouteSpecificPool.timeout(RouteSpecificPool.java:169) [httpcore-nio-4.4.13.jar:4.4.13]
	at org.apache.http.nio.pool.AbstractNIOConnPool.requestTimeout(AbstractNIOConnPool.java:632) [httpcore-nio-4.4.13.jar:4.4.13]
	at org.apache.http.nio.pool.AbstractNIOConnPool$InternalSessionRequestCallback.timeout(AbstractNIOConnPool.java:898) [httpcore-nio-4.4.13.jar:4.4.13]
	at org.apache.http.impl.nio.reactor.SessionRequestImpl.timeout(SessionRequestImpl.java:198) [httpcore-nio-4.4.13.jar:4.4.13]
	at org.apache.http.impl.nio.reactor.DefaultConnectingIOReactor.processTimeouts(DefaultConnectingIOReactor.java:213) [httpcore-nio-4.4.13.jar:4.4.13]
	at org.apache.http.impl.nio.reactor.DefaultConnectingIOReactor.processEvents(DefaultConnectingIOReactor.java:158) [httpcore-nio-4.4.13.jar:4.4.13]
	at org.apache.http.impl.nio.reactor.AbstractMultiworkerIOReactor.execute(AbstractMultiworkerIOReactor.java:351) [httpcore-nio-4.4.13.jar:4.4.13]
	at org.apache.http.impl.nio.conn.PoolingNHttpClientConnectionManager.execute(PoolingNHttpClientConnectionManager.java:221) [httpasyncclient-4.1.4.jar:4.1.4]
	at org.apache.http.impl.nio.client.CloseableHttpAsyncClientBase$1.run(CloseableHttpAsyncClientBase.java:64) [httpasyncclient-4.1.4.jar:4.1.4]
	at java.lang.Thread.run(Thread.java:834) [?:?]
2021-10-01 13:05:03,442 ERROR o.a.j.v.b.i.HttpMetricsSender: failed to send data to influxDB server.
java.net.ConnectException: Connection refused: no further information
	at sun.nio.ch.SocketChannelImpl.checkConnect(Native Method) ~[?:?]
	at sun.nio.ch.SocketChannelImpl.finishConnect(SocketChannelImpl.java:779) ~[?:?]
	at org.apache.http.impl.nio.reactor.DefaultConnectingIOReactor.processEvent(DefaultConnectingIOReactor.java:174) [httpcore-nio-4.4.13.jar:4.4.13]
	at org.apache.http.impl.nio.reactor.DefaultConnectingIOReactor.processEvents(DefaultConnectingIOReactor.java:148) [httpcore-nio-4.4.13.jar:4.4.13]
	at org.apache.http.impl.nio.reactor.AbstractMultiworkerIOReactor.execute(AbstractMultiworkerIOReactor.java:351) [httpcore-nio-4.4.13.jar:4.4.13]
	at org.apache.http.impl.nio.conn.PoolingNHttpClientConnectionManager.execute(PoolingNHttpClientConnectionManager.java:221) [httpasyncclient-4.1.4.jar:4.1.4]
	at org.apache.http.impl.nio.client.CloseableHttpAsyncClientBase$1.run(CloseableHttpAsyncClientBase.java:64) [httpasyncclient-4.1.4.jar:4.1.4]
	at java.lang.Thread.run(Thread.java:834) [?:?]
2021-10-01 13:05:07,546 INFO o.a.j.t.JMeterThread: Thread started: jp@gc - Stepping Thread Group - For all scenario 1-5
2021-10-01 13:05:08,442 ERROR o.a.j.v.b.i.HttpMetricsSender: failed to send data to influxDB server.
java.net.ConnectException: Connection refused: no further information
	at sun.nio.ch.SocketChannelImpl.checkConnect(Native Method) ~[?:?]
	at sun.nio.ch.SocketChannelImpl.finishConnect(SocketChannelImpl.java:779) ~[?:?]
	at org.apache.http.impl.nio.reactor.DefaultConnectingIOReactor.processEvent(DefaultConnectingIOReactor.java:174) [httpcore-nio-4.4.13.jar:4.4.13]
	at org.apache.http.impl.nio.reactor.DefaultConnectingIOReactor.processEvents(DefaultConnectingIOReactor.java:148) [httpcore-nio-4.4.13.jar:4.4.13]
	at org.apache.http.impl.nio.reactor.AbstractMultiworkerIOReactor.execute(AbstractMultiworkerIOReactor.java:351) [httpcore-nio-4.4.13.jar:4.4.13]
	at org.apache.http.impl.nio.conn.PoolingNHttpClientConnectionManager.execute(PoolingNHttpClientConnectionManager.java:221) [httpasyncclient-4.1.4.jar:4.1.4]
	at org.apache.http.impl.nio.client.CloseableHttpAsyncClientBase$1.run(CloseableHttpAsyncClientBase.java:64) [httpasyncclient-4.1.4.jar:4.1.4]
	at java.lang.Thread.run(Thread.java:834) [?:?]
2021-10-01 13:05:13,447 ERROR o.a.j.v.b.i.HttpMetricsSender: failed to send data to influxDB server.
java.net.ConnectException: Connection refused: no further information
	at sun.nio.ch.SocketChannelImpl.checkConnect(Native Method) ~[?:?]
	at sun.nio.ch.SocketChannelImpl.finishConnect(SocketChannelImpl.java:779) ~[?:?]
	at org.apache.http.impl.nio.reactor.DefaultConnectingIOReactor.processEvent(DefaultConnectingIOReactor.java:174) [httpcore-nio-4.4.13.jar:4.4.13]
	at org.apache.http.impl.nio.reactor.DefaultConnectingIOReactor.processEvents(DefaultConnectingIOReactor.java:148) [httpcore-nio-4.4.13.jar:4.4.13]
	at org.apache.http.impl.nio.reactor.AbstractMultiworkerIOReactor.execute(AbstractMultiworkerIOReactor.java:351) [httpcore-nio-4.4.13.jar:4.4.13]
	at org.apache.http.impl.nio.conn.PoolingNHttpClientConnectionManager.execute(PoolingNHttpClientConnectionManager.java:221) [httpasyncclient-4.1.4.jar:4.1.4]
	at org.apache.http.impl.nio.client.CloseableHttpAsyncClientBase$1.run(CloseableHttpAsyncClientBase.java:64) [httpasyncclient-4.1.4.jar:4.1.4]
	at java.lang.Thread.run(Thread.java:834) [?:?]
2021-10-01 13:05:18,447 ERROR o.a.j.v.b.i.HttpMetricsSender: failed to send data to influxDB server.
java.net.ConnectException: Timeout connecting to [localhost/127.0.0.1:8086]
	at org.apache.http.nio.pool.RouteSpecificPool.timeout(RouteSpecificPool.java:169) [httpcore-nio-4.4.13.jar:4.4.13]
	at org.apache.http.nio.pool.AbstractNIOConnPool.requestTimeout(AbstractNIOConnPool.java:632) [httpcore-nio-4.4.13.jar:4.4.13]
	at org.apache.http.nio.pool.AbstractNIOConnPool$InternalSessionRequestCallback.timeout(AbstractNIOConnPool.java:898) [httpcore-nio-4.4.13.jar:4.4.13]
	at org.apache.http.impl.nio.reactor.SessionRequestImpl.timeout(SessionRequestImpl.java:198) [httpcore-nio-4.4.13.jar:4.4.13]
	at org.apache.http.impl.nio.reactor.DefaultConnectingIOReactor.processTimeouts(DefaultConnectingIOReactor.java:213) [httpcore-nio-4.4.13.jar:4.4.13]
	at org.apache.http.impl.nio.reactor.DefaultConnectingIOReactor.processEvents(DefaultConnectingIOReactor.java:158) [httpcore-nio-4.4.13.jar:4.4.13]
	at org.apache.http.impl.nio.reactor.AbstractMultiworkerIOReactor.execute(AbstractMultiworkerIOReactor.java:351) [httpcore-nio-4.4.13.jar:4.4.13]
	at org.apache.http.impl.nio.conn.PoolingNHttpClientConnectionManager.execute(PoolingNHttpClientConnectionManager.java:221) [httpasyncclient-4.1.4.jar:4.1.4]
	at org.apache.http.impl.nio.client.CloseableHttpAsyncClientBase$1.run(CloseableHttpAsyncClientBase.java:64) [httpasyncclient-4.1.4.jar:4.1.4]
	at java.lang.Thread.run(Thread.java:834) [?:?]
2021-10-01 13:05:23,441 ERROR o.a.j.v.b.i.HttpMetricsSender: failed to send data to influxDB server.
java.net.ConnectException: Timeout connecting to [localhost/127.0.0.1:8086]
	at org.apache.http.nio.pool.RouteSpecificPool.timeout(RouteSpecificPool.java:169) [httpcore-nio-4.4.13.jar:4.4.13]
	at org.apache.http.nio.pool.AbstractNIOConnPool.requestTimeout(AbstractNIOConnPool.java:632) [httpcore-nio-4.4.13.jar:4.4.13]
	at org.apache.http.nio.pool.AbstractNIOConnPool$InternalSessionRequestCallback.timeout(AbstractNIOConnPool.java:898) [httpcore-nio-4.4.13.jar:4.4.13]
	at org.apache.http.impl.nio.reactor.SessionRequestImpl.timeout(SessionRequestImpl.java:198) [httpcore-nio-4.4.13.jar:4.4.13]
	at org.apache.http.impl.nio.reactor.DefaultConnectingIOReactor.processTimeouts(DefaultConnectingIOReactor.java:213) [httpcore-nio-4.4.13.jar:4.4.13]
	at org.apache.http.impl.nio.reactor.DefaultConnectingIOReactor.processEvents(DefaultConnectingIOReactor.java:158) [httpcore-nio-4.4.13.jar:4.4.13]
	at org.apache.http.impl.nio.reactor.AbstractMultiworkerIOReactor.execute(AbstractMultiworkerIOReactor.java:351) [httpcore-nio-4.4.13.jar:4.4.13]
	at org.apache.http.impl.nio.conn.PoolingNHttpClientConnectionManager.execute(PoolingNHttpClientConnectionManager.java:221) [httpasyncclient-4.1.4.jar:4.1.4]
	at org.apache.http.impl.nio.client.CloseableHttpAsyncClientBase$1.run(CloseableHttpAsyncClientBase.java:64) [httpasyncclient-4.1.4.jar:4.1.4]
	at java.lang.Thread.run(Thread.java:834) [?:?]
2021-10-01 13:05:28,444 ERROR o.a.j.v.b.i.HttpMetricsSender: failed to send data to influxDB server.
java.net.ConnectException: Connection refused: no further information
	at sun.nio.ch.SocketChannelImpl.checkConnect(Native Method) ~[?:?]
	at sun.nio.ch.SocketChannelImpl.finishConnect(SocketChannelImpl.java:779) ~[?:?]
	at org.apache.http.impl.nio.reactor.DefaultConnectingIOReactor.processEvent(DefaultConnectingIOReactor.java:174) [httpcore-nio-4.4.13.jar:4.4.13]
	at org.apache.http.impl.nio.reactor.DefaultConnectingIOReactor.processEvents(DefaultConnectingIOReactor.java:148) [httpcore-nio-4.4.13.jar:4.4.13]
	at org.apache.http.impl.nio.reactor.AbstractMultiworkerIOReactor.execute(AbstractMultiworkerIOReactor.java:351) [httpcore-nio-4.4.13.jar:4.4.13]
	at org.apache.http.impl.nio.conn.PoolingNHttpClientConnectionManager.execute(PoolingNHttpClientConnectionManager.java:221) [httpasyncclient-4.1.4.jar:4.1.4]
	at org.apache.http.impl.nio.client.CloseableHttpAsyncClientBase$1.run(CloseableHttpAsyncClientBase.java:64) [httpasyncclient-4.1.4.jar:4.1.4]
	at java.lang.Thread.run(Thread.java:834) [?:?]
2021-10-01 13:05:33,441 ERROR o.a.j.v.b.i.HttpMetricsSender: failed to send data to influxDB server.
java.net.ConnectException: Timeout connecting to [localhost/127.0.0.1:8086]
	at org.apache.http.nio.pool.RouteSpecificPool.timeout(RouteSpecificPool.java:169) [httpcore-nio-4.4.13.jar:4.4.13]
	at org.apache.http.nio.pool.AbstractNIOConnPool.requestTimeout(AbstractNIOConnPool.java:632) [httpcore-nio-4.4.13.jar:4.4.13]
	at org.apache.http.nio.pool.AbstractNIOConnPool$InternalSessionRequestCallback.timeout(AbstractNIOConnPool.java:898) [httpcore-nio-4.4.13.jar:4.4.13]
	at org.apache.http.impl.nio.reactor.SessionRequestImpl.timeout(SessionRequestImpl.java:198) [httpcore-nio-4.4.13.jar:4.4.13]
	at org.apache.http.impl.nio.reactor.DefaultConnectingIOReactor.processTimeouts(DefaultConnectingIOReactor.java:213) [httpcore-nio-4.4.13.jar:4.4.13]
	at org.apache.http.impl.nio.reactor.DefaultConnectingIOReactor.processEvents(DefaultConnectingIOReactor.java:158) [httpcore-nio-4.4.13.jar:4.4.13]
	at org.apache.http.impl.nio.reactor.AbstractMultiworkerIOReactor.execute(AbstractMultiworkerIOReactor.java:351) [httpcore-nio-4.4.13.jar:4.4.13]
	at org.apache.http.impl.nio.conn.PoolingNHttpClientConnectionManager.execute(PoolingNHttpClientConnectionManager.java:221) [httpasyncclient-4.1.4.jar:4.1.4]
	at org.apache.http.impl.nio.client.CloseableHttpAsyncClientBase$1.run(CloseableHttpAsyncClientBase.java:64) [httpasyncclient-4.1.4.jar:4.1.4]
	at java.lang.Thread.run(Thread.java:834) [?:?]
2021-10-01 13:05:35,027 INFO o.a.j.r.Summariser: summary +      8 in 00:01:00 =    0.1/s Avg:     0 Min:     0 Max:     0 Err:     0 (0.00%) Active: 5 Started: 5 Finished: 0
2021-10-01 13:05:35,027 INFO o.a.j.r.Summariser: summary =     10 in 00:01:13 =    0.1/s Avg:     0 Min:     0 Max:     0 Err:     0 (0.00%)
2021-10-01 13:05:38,442 ERROR o.a.j.v.b.i.HttpMetricsSender: failed to send data to influxDB server.
java.net.ConnectException: Connection refused: no further information
	at sun.nio.ch.SocketChannelImpl.checkConnect(Native Method) ~[?:?]
	at sun.nio.ch.SocketChannelImpl.finishConnect(SocketChannelImpl.java:779) ~[?:?]
	at org.apache.http.impl.nio.reactor.DefaultConnectingIOReactor.processEvent(DefaultConnectingIOReactor.java:174) [httpcore-nio-4.4.13.jar:4.4.13]
	at org.apache.http.impl.nio.reactor.DefaultConnectingIOReactor.processEvents(DefaultConnectingIOReactor.java:148) [httpcore-nio-4.4.13.jar:4.4.13]
	at org.apache.http.impl.nio.reactor.AbstractMultiworkerIOReactor.execute(AbstractMultiworkerIOReactor.java:351) [httpcore-nio-4.4.13.jar:4.4.13]
	at org.apache.http.impl.nio.conn.PoolingNHttpClientConnectionManager.execute(PoolingNHttpClientConnectionManager.java:221) [httpasyncclient-4.1.4.jar:4.1.4]
	at org.apache.http.impl.nio.client.CloseableHttpAsyncClientBase$1.run(CloseableHttpAsyncClientBase.java:64) [httpasyncclient-4.1.4.jar:4.1.4]
	at java.lang.Thread.run(Thread.java:834) [?:?]
2021-10-01 13:05:43,440 ERROR o.a.j.v.b.i.HttpMetricsSender: failed to send data to influxDB server.
java.net.ConnectException: Timeout connecting to [localhost/127.0.0.1:8086]
	at org.apache.http.nio.pool.RouteSpecificPool.timeout(RouteSpecificPool.java:169) [httpcore-nio-4.4.13.jar:4.4.13]
	at org.apache.http.nio.pool.AbstractNIOConnPool.requestTimeout(AbstractNIOConnPool.java:632) [httpcore-nio-4.4.13.jar:4.4.13]
	at org.apache.http.nio.pool.AbstractNIOConnPool$InternalSessionRequestCallback.timeout(AbstractNIOConnPool.java:898) [httpcore-nio-4.4.13.jar:4.4.13]
	at org.apache.http.impl.nio.reactor.SessionRequestImpl.timeout(SessionRequestImpl.java:198) [httpcore-nio-4.4.13.jar:4.4.13]
	at org.apache.http.impl.nio.reactor.DefaultConnectingIOReactor.processTimeouts(DefaultConnectingIOReactor.java:213) [httpcore-nio-4.4.13.jar:4.4.13]
	at org.apache.http.impl.nio.reactor.DefaultConnectingIOReactor.processEvents(DefaultConnectingIOReactor.java:158) [httpcore-nio-4.4.13.jar:4.4.13]
	at org.apache.http.impl.nio.reactor.AbstractMultiworkerIOReactor.execute(AbstractMultiworkerIOReactor.java:351) [httpcore-nio-4.4.13.jar:4.4.13]
	at org.apache.http.impl.nio.conn.PoolingNHttpClientConnectionManager.execute(PoolingNHttpClientConnectionManager.java:221) [httpasyncclient-4.1.4.jar:4.1.4]
	at org.apache.http.impl.nio.client.CloseableHttpAsyncClientBase$1.run(CloseableHttpAsyncClientBase.java:64) [httpasyncclient-4.1.4.jar:4.1.4]
	at java.lang.Thread.run(Thread.java:834) [?:?]
2021-10-01 13:05:48,443 ERROR o.a.j.v.b.i.HttpMetricsSender: failed to send data to influxDB server.
java.net.ConnectException: Connection refused: no further information
	at sun.nio.ch.SocketChannelImpl.checkConnect(Native Method) ~[?:?]
	at sun.nio.ch.SocketChannelImpl.finishConnect(SocketChannelImpl.java:779) ~[?:?]
	at org.apache.http.impl.nio.reactor.DefaultConnectingIOReactor.processEvent(DefaultConnectingIOReactor.java:174) [httpcore-nio-4.4.13.jar:4.4.13]
	at org.apache.http.impl.nio.reactor.DefaultConnectingIOReactor.processEvents(DefaultConnectingIOReactor.java:148) [httpcore-nio-4.4.13.jar:4.4.13]
	at org.apache.http.impl.nio.reactor.AbstractMultiworkerIOReactor.execute(AbstractMultiworkerIOReactor.java:351) [httpcore-nio-4.4.13.jar:4.4.13]
	at org.apache.http.impl.nio.conn.PoolingNHttpClientConnectionManager.execute(PoolingNHttpClientConnectionManager.java:221) [httpasyncclient-4.1.4.jar:4.1.4]
	at org.apache.http.impl.nio.client.CloseableHttpAsyncClientBase$1.run(CloseableHttpAsyncClientBase.java:64) [httpasyncclient-4.1.4.jar:4.1.4]
	at java.lang.Thread.run(Thread.java:834) [?:?]
2021-10-01 13:05:53,443 ERROR o.a.j.v.b.i.HttpMetricsSender: failed to send data to influxDB server.
java.net.ConnectException: Connection refused: no further information
	at sun.nio.ch.SocketChannelImpl.checkConnect(Native Method) ~[?:?]
	at sun.nio.ch.SocketChannelImpl.finishConnect(SocketChannelImpl.java:779) ~[?:?]
	at org.apache.http.impl.nio.reactor.DefaultConnectingIOReactor.processEvent(DefaultConnectingIOReactor.java:174) [httpcore-nio-4.4.13.jar:4.4.13]
	at org.apache.http.impl.nio.reactor.DefaultConnectingIOReactor.processEvents(DefaultConnectingIOReactor.java:148) [httpcore-nio-4.4.13.jar:4.4.13]
	at org.apache.http.impl.nio.reactor.AbstractMultiworkerIOReactor.execute(AbstractMultiworkerIOReactor.java:351) [httpcore-nio-4.4.13.jar:4.4.13]
	at org.apache.http.impl.nio.conn.PoolingNHttpClientConnectionManager.execute(PoolingNHttpClientConnectionManager.java:221) [httpasyncclient-4.1.4.jar:4.1.4]
	at org.apache.http.impl.nio.client.CloseableHttpAsyncClientBase$1.run(CloseableHttpAsyncClientBase.java:64) [httpasyncclient-4.1.4.jar:4.1.4]
	at java.lang.Thread.run(Thread.java:834) [?:?]
2021-10-01 13:05:58,441 ERROR o.a.j.v.b.i.HttpMetricsSender: failed to send data to influxDB server.
java.net.ConnectException: Timeout connecting to [localhost/127.0.0.1:8086]
	at org.apache.http.nio.pool.RouteSpecificPool.timeout(RouteSpecificPool.java:169) [httpcore-nio-4.4.13.jar:4.4.13]
	at org.apache.http.nio.pool.AbstractNIOConnPool.requestTimeout(AbstractNIOConnPool.java:632) [httpcore-nio-4.4.13.jar:4.4.13]
	at org.apache.http.nio.pool.AbstractNIOConnPool$InternalSessionRequestCallback.timeout(AbstractNIOConnPool.java:898) [httpcore-nio-4.4.13.jar:4.4.13]
	at org.apache.http.impl.nio.reactor.SessionRequestImpl.timeout(SessionRequestImpl.java:198) [httpcore-nio-4.4.13.jar:4.4.13]
	at org.apache.http.impl.nio.reactor.DefaultConnectingIOReactor.processTimeouts(DefaultConnectingIOReactor.java:213) [httpcore-nio-4.4.13.jar:4.4.13]
	at org.apache.http.impl.nio.reactor.DefaultConnectingIOReactor.processEvents(DefaultConnectingIOReactor.java:158) [httpcore-nio-4.4.13.jar:4.4.13]
	at org.apache.http.impl.nio.reactor.AbstractMultiworkerIOReactor.execute(AbstractMultiworkerIOReactor.java:351) [httpcore-nio-4.4.13.jar:4.4.13]
	at org.apache.http.impl.nio.conn.PoolingNHttpClientConnectionManager.execute(PoolingNHttpClientConnectionManager.java:221) [httpasyncclient-4.1.4.jar:4.1.4]
	at org.apache.http.impl.nio.client.CloseableHttpAsyncClientBase$1.run(CloseableHttpAsyncClientBase.java:64) [httpasyncclient-4.1.4.jar:4.1.4]
	at java.lang.Thread.run(Thread.java:834) [?:?]
2021-10-01 13:06:01,412 INFO o.a.j.r.Summariser: summary +      5 in 00:00:26 =    0.2/s Avg:     0 Min:     0 Max:     0 Err:     0 (0.00%) Active: 5 Started: 5 Finished: 0
2021-10-01 13:06:01,413 INFO o.a.j.r.Summariser: summary =     15 in 00:01:39 =    0.2/s Avg:     0 Min:     0 Max:     0 Err:     0 (0.00%)
2021-10-01 13:06:03,440 ERROR o.a.j.v.b.i.HttpMetricsSender: failed to send data to influxDB server.
java.net.ConnectException: Connection refused: no further information
	at sun.nio.ch.SocketChannelImpl.checkConnect(Native Method) ~[?:?]
	at sun.nio.ch.SocketChannelImpl.finishConnect(SocketChannelImpl.java:779) ~[?:?]
	at org.apache.http.impl.nio.reactor.DefaultConnectingIOReactor.processEvent(DefaultConnectingIOReactor.java:174) [httpcore-nio-4.4.13.jar:4.4.13]
	at org.apache.http.impl.nio.reactor.DefaultConnectingIOReactor.processEvents(DefaultConnectingIOReactor.java:148) [httpcore-nio-4.4.13.jar:4.4.13]
	at org.apache.http.impl.nio.reactor.AbstractMultiworkerIOReactor.execute(AbstractMultiworkerIOReactor.java:351) [httpcore-nio-4.4.13.jar:4.4.13]
	at org.apache.http.impl.nio.conn.PoolingNHttpClientConnectionManager.execute(PoolingNHttpClientConnectionManager.java:221) [httpasyncclient-4.1.4.jar:4.1.4]
	at org.apache.http.impl.nio.client.CloseableHttpAsyncClientBase$1.run(CloseableHttpAsyncClientBase.java:64) [httpasyncclient-4.1.4.jar:4.1.4]
	at java.lang.Thread.run(Thread.java:834) [?:?]
2021-10-01 13:06:08,439 ERROR o.a.j.v.b.i.HttpMetricsSender: failed to send data to influxDB server.
java.net.ConnectException: Timeout connecting to [localhost/127.0.0.1:8086]
	at org.apache.http.nio.pool.RouteSpecificPool.timeout(RouteSpecificPool.java:169) [httpcore-nio-4.4.13.jar:4.4.13]
	at org.apache.http.nio.pool.AbstractNIOConnPool.requestTimeout(AbstractNIOConnPool.java:632) [httpcore-nio-4.4.13.jar:4.4.13]
	at org.apache.http.nio.pool.AbstractNIOConnPool$InternalSessionRequestCallback.timeout(AbstractNIOConnPool.java:898) [httpcore-nio-4.4.13.jar:4.4.13]
	at org.apache.http.impl.nio.reactor.SessionRequestImpl.timeout(SessionRequestImpl.java:198) [httpcore-nio-4.4.13.jar:4.4.13]
	at org.apache.http.impl.nio.reactor.DefaultConnectingIOReactor.processTimeouts(DefaultConnectingIOReactor.java:213) [httpcore-nio-4.4.13.jar:4.4.13]
	at org.apache.http.impl.nio.reactor.DefaultConnectingIOReactor.processEvents(DefaultConnectingIOReactor.java:158) [httpcore-nio-4.4.13.jar:4.4.13]
	at org.apache.http.impl.nio.reactor.AbstractMultiworkerIOReactor.execute(AbstractMultiworkerIOReactor.java:351) [httpcore-nio-4.4.13.jar:4.4.13]
	at org.apache.http.impl.nio.conn.PoolingNHttpClientConnectionManager.execute(PoolingNHttpClientConnectionManager.java:221) [httpasyncclient-4.1.4.jar:4.1.4]
	at org.apache.http.impl.nio.client.CloseableHttpAsyncClientBase$1.run(CloseableHttpAsyncClientBase.java:64) [httpasyncclient-4.1.4.jar:4.1.4]
	at java.lang.Thread.run(Thread.java:834) [?:?]
2021-10-01 13:06:13,438 ERROR o.a.j.v.b.i.HttpMetricsSender: failed to send data to influxDB server.
java.net.ConnectException: Timeout connecting to [localhost/127.0.0.1:8086]
	at org.apache.http.nio.pool.RouteSpecificPool.timeout(RouteSpecificPool.java:169) [httpcore-nio-4.4.13.jar:4.4.13]
	at org.apache.http.nio.pool.AbstractNIOConnPool.requestTimeout(AbstractNIOConnPool.java:632) [httpcore-nio-4.4.13.jar:4.4.13]
	at org.apache.http.nio.pool.AbstractNIOConnPool$InternalSessionRequestCallback.timeout(AbstractNIOConnPool.java:898) [httpcore-nio-4.4.13.jar:4.4.13]
	at org.apache.http.impl.nio.reactor.SessionRequestImpl.timeout(SessionRequestImpl.java:198) [httpcore-nio-4.4.13.jar:4.4.13]
	at org.apache.http.impl.nio.reactor.DefaultConnectingIOReactor.processTimeouts(DefaultConnectingIOReactor.java:213) [httpcore-nio-4.4.13.jar:4.4.13]
	at org.apache.http.impl.nio.reactor.DefaultConnectingIOReactor.processEvents(DefaultConnectingIOReactor.java:158) [httpcore-nio-4.4.13.jar:4.4.13]
	at org.apache.http.impl.nio.reactor.AbstractMultiworkerIOReactor.execute(AbstractMultiworkerIOReactor.java:351) [httpcore-nio-4.4.13.jar:4.4.13]
	at org.apache.http.impl.nio.conn.PoolingNHttpClientConnectionManager.execute(PoolingNHttpClientConnectionManager.java:221) [httpasyncclient-4.1.4.jar:4.1.4]
	at org.apache.http.impl.nio.client.CloseableHttpAsyncClientBase$1.run(CloseableHttpAsyncClientBase.java:64) [httpasyncclient-4.1.4.jar:4.1.4]
	at java.lang.Thread.run(Thread.java:834) [?:?]
2021-10-01 13:06:18,442 ERROR o.a.j.v.b.i.HttpMetricsSender: failed to send data to influxDB server.
java.net.ConnectException: Timeout connecting to [localhost/127.0.0.1:8086]
	at org.apache.http.nio.pool.RouteSpecificPool.timeout(RouteSpecificPool.java:169) [httpcore-nio-4.4.13.jar:4.4.13]
	at org.apache.http.nio.pool.AbstractNIOConnPool.requestTimeout(AbstractNIOConnPool.java:632) [httpcore-nio-4.4.13.jar:4.4.13]
	at org.apache.http.nio.pool.AbstractNIOConnPool$InternalSessionRequestCallback.timeout(AbstractNIOConnPool.java:898) [httpcore-nio-4.4.13.jar:4.4.13]
	at org.apache.http.impl.nio.reactor.SessionRequestImpl.timeout(SessionRequestImpl.java:198) [httpcore-nio-4.4.13.jar:4.4.13]
	at org.apache.http.impl.nio.reactor.DefaultConnectingIOReactor.processTimeouts(DefaultConnectingIOReactor.java:213) [httpcore-nio-4.4.13.jar:4.4.13]
	at org.apache.http.impl.nio.reactor.DefaultConnectingIOReactor.processEvents(DefaultConnectingIOReactor.java:158) [httpcore-nio-4.4.13.jar:4.4.13]
	at org.apache.http.impl.nio.reactor.AbstractMultiworkerIOReactor.execute(AbstractMultiworkerIOReactor.java:351) [httpcore-nio-4.4.13.jar:4.4.13]
	at org.apache.http.impl.nio.conn.PoolingNHttpClientConnectionManager.execute(PoolingNHttpClientConnectionManager.java:221) [httpasyncclient-4.1.4.jar:4.1.4]
	at org.apache.http.impl.nio.client.CloseableHttpAsyncClientBase$1.run(CloseableHttpAsyncClientBase.java:64) [httpasyncclient-4.1.4.jar:4.1.4]
	at java.lang.Thread.run(Thread.java:834) [?:?]
2021-10-01 13:06:23,442 ERROR o.a.j.v.b.i.HttpMetricsSender: failed to send data to influxDB server.
java.net.ConnectException: Connection refused: no further information
	at sun.nio.ch.SocketChannelImpl.checkConnect(Native Method) ~[?:?]
	at sun.nio.ch.SocketChannelImpl.finishConnect(SocketChannelImpl.java:779) ~[?:?]
	at org.apache.http.impl.nio.reactor.DefaultConnectingIOReactor.processEvent(DefaultConnectingIOReactor.java:174) [httpcore-nio-4.4.13.jar:4.4.13]
	at org.apache.http.impl.nio.reactor.DefaultConnectingIOReactor.processEvents(DefaultConnectingIOReactor.java:148) [httpcore-nio-4.4.13.jar:4.4.13]
	at org.apache.http.impl.nio.reactor.AbstractMultiworkerIOReactor.execute(AbstractMultiworkerIOReactor.java:351) [httpcore-nio-4.4.13.jar:4.4.13]
	at org.apache.http.impl.nio.conn.PoolingNHttpClientConnectionManager.execute(PoolingNHttpClientConnectionManager.java:221) [httpasyncclient-4.1.4.jar:4.1.4]
	at org.apache.http.impl.nio.client.CloseableHttpAsyncClientBase$1.run(CloseableHttpAsyncClientBase.java:64) [httpasyncclient-4.1.4.jar:4.1.4]
	at java.lang.Thread.run(Thread.java:834) [?:?]
2021-10-01 13:06:28,441 ERROR o.a.j.v.b.i.HttpMetricsSender: failed to send data to influxDB server.
java.net.ConnectException: Timeout connecting to [localhost/127.0.0.1:8086]
	at org.apache.http.nio.pool.RouteSpecificPool.timeout(RouteSpecificPool.java:169) [httpcore-nio-4.4.13.jar:4.4.13]
	at org.apache.http.nio.pool.AbstractNIOConnPool.requestTimeout(AbstractNIOConnPool.java:632) [httpcore-nio-4.4.13.jar:4.4.13]
	at org.apache.http.nio.pool.AbstractNIOConnPool$InternalSessionRequestCallback.timeout(AbstractNIOConnPool.java:898) [httpcore-nio-4.4.13.jar:4.4.13]
	at org.apache.http.impl.nio.reactor.SessionRequestImpl.timeout(SessionRequestImpl.java:198) [httpcore-nio-4.4.13.jar:4.4.13]
	at org.apache.http.impl.nio.reactor.DefaultConnectingIOReactor.processTimeouts(DefaultConnectingIOReactor.java:213) [httpcore-nio-4.4.13.jar:4.4.13]
	at org.apache.http.impl.nio.reactor.DefaultConnectingIOReactor.processEvents(DefaultConnectingIOReactor.java:158) [httpcore-nio-4.4.13.jar:4.4.13]
	at org.apache.http.impl.nio.reactor.AbstractMultiworkerIOReactor.execute(AbstractMultiworkerIOReactor.java:351) [httpcore-nio-4.4.13.jar:4.4.13]
	at org.apache.http.impl.nio.conn.PoolingNHttpClientConnectionManager.execute(PoolingNHttpClientConnectionManager.java:221) [httpasyncclient-4.1.4.jar:4.1.4]
	at org.apache.http.impl.nio.client.CloseableHttpAsyncClientBase$1.run(CloseableHttpAsyncClientBase.java:64) [httpasyncclient-4.1.4.jar:4.1.4]
	at java.lang.Thread.run(Thread.java:834) [?:?]
2021-10-01 13:06:33,439 ERROR o.a.j.v.b.i.HttpMetricsSender: failed to send data to influxDB server.
java.net.ConnectException: Timeout connecting to [localhost/127.0.0.1:8086]
	at org.apache.http.nio.pool.RouteSpecificPool.timeout(RouteSpecificPool.java:169) [httpcore-nio-4.4.13.jar:4.4.13]
	at org.apache.http.nio.pool.AbstractNIOConnPool.requestTimeout(AbstractNIOConnPool.java:632) [httpcore-nio-4.4.13.jar:4.4.13]
	at org.apache.http.nio.pool.AbstractNIOConnPool$InternalSessionRequestCallback.timeout(AbstractNIOConnPool.java:898) [httpcore-nio-4.4.13.jar:4.4.13]
	at org.apache.http.impl.nio.reactor.SessionRequestImpl.timeout(SessionRequestImpl.java:198) [httpcore-nio-4.4.13.jar:4.4.13]
	at org.apache.http.impl.nio.reactor.DefaultConnectingIOReactor.processTimeouts(DefaultConnectingIOReactor.java:213) [httpcore-nio-4.4.13.jar:4.4.13]
	at org.apache.http.impl.nio.reactor.DefaultConnectingIOReactor.processEvents(DefaultConnectingIOReactor.java:158) [httpcore-nio-4.4.13.jar:4.4.13]
	at org.apache.http.impl.nio.reactor.AbstractMultiworkerIOReactor.execute(AbstractMultiworkerIOReactor.java:351) [httpcore-nio-4.4.13.jar:4.4.13]
	at org.apache.http.impl.nio.conn.PoolingNHttpClientConnectionManager.execute(PoolingNHttpClientConnectionManager.java:221) [httpasyncclient-4.1.4.jar:4.1.4]
	at org.apache.http.impl.nio.client.CloseableHttpAsyncClientBase$1.run(CloseableHttpAsyncClientBase.java:64) [httpasyncclient-4.1.4.jar:4.1.4]
	at java.lang.Thread.run(Thread.java:834) [?:?]
2021-10-01 13:06:33,962 INFO o.a.j.r.Summariser: summary +      3 in 00:00:33 =    0.1/s Avg:     0 Min:     0 Max:     0 Err:     0 (0.00%) Active: 5 Started: 5 Finished: 0
2021-10-01 13:06:33,964 INFO o.a.j.r.Summariser: summary =     18 in 00:02:11 =    0.1/s Avg:     0 Min:     0 Max:     0 Err:     0 (0.00%)
2021-10-01 13:06:38,438 ERROR o.a.j.v.b.i.HttpMetricsSender: failed to send data to influxDB server.
java.net.ConnectException: Timeout connecting to [localhost/127.0.0.1:8086]
	at org.apache.http.nio.pool.RouteSpecificPool.timeout(RouteSpecificPool.java:169) [httpcore-nio-4.4.13.jar:4.4.13]
	at org.apache.http.nio.pool.AbstractNIOConnPool.requestTimeout(AbstractNIOConnPool.java:632) [httpcore-nio-4.4.13.jar:4.4.13]
	at org.apache.http.nio.pool.AbstractNIOConnPool$InternalSessionRequestCallback.timeout(AbstractNIOConnPool.java:898) [httpcore-nio-4.4.13.jar:4.4.13]
	at org.apache.http.impl.nio.reactor.SessionRequestImpl.timeout(SessionRequestImpl.java:198) [httpcore-nio-4.4.13.jar:4.4.13]
	at org.apache.http.impl.nio.reactor.DefaultConnectingIOReactor.processTimeouts(DefaultConnectingIOReactor.java:213) [httpcore-nio-4.4.13.jar:4.4.13]
	at org.apache.http.impl.nio.reactor.DefaultConnectingIOReactor.processEvents(DefaultConnectingIOReactor.java:158) [httpcore-nio-4.4.13.jar:4.4.13]
	at org.apache.http.impl.nio.reactor.AbstractMultiworkerIOReactor.execute(AbstractMultiworkerIOReactor.java:351) [httpcore-nio-4.4.13.jar:4.4.13]
	at org.apache.http.impl.nio.conn.PoolingNHttpClientConnectionManager.execute(PoolingNHttpClientConnectionManager.java:221) [httpasyncclient-4.1.4.jar:4.1.4]
	at org.apache.http.impl.nio.client.CloseableHttpAsyncClientBase$1.run(CloseableHttpAsyncClientBase.java:64) [httpasyncclient-4.1.4.jar:4.1.4]
	at java.lang.Thread.run(Thread.java:834) [?:?]
2021-10-01 13:06:43,439 ERROR o.a.j.v.b.i.HttpMetricsSender: failed to send data to influxDB server.
java.net.ConnectException: Timeout connecting to [localhost/127.0.0.1:8086]
	at org.apache.http.nio.pool.RouteSpecificPool.timeout(RouteSpecificPool.java:169) [httpcore-nio-4.4.13.jar:4.4.13]
	at org.apache.http.nio.pool.AbstractNIOConnPool.requestTimeout(AbstractNIOConnPool.java:632) [httpcore-nio-4.4.13.jar:4.4.13]
	at org.apache.http.nio.pool.AbstractNIOConnPool$InternalSessionRequestCallback.timeout(AbstractNIOConnPool.java:898) [httpcore-nio-4.4.13.jar:4.4.13]
	at org.apache.http.impl.nio.reactor.SessionRequestImpl.timeout(SessionRequestImpl.java:198) [httpcore-nio-4.4.13.jar:4.4.13]
	at org.apache.http.impl.nio.reactor.DefaultConnectingIOReactor.processTimeouts(DefaultConnectingIOReactor.java:213) [httpcore-nio-4.4.13.jar:4.4.13]
	at org.apache.http.impl.nio.reactor.DefaultConnectingIOReactor.processEvents(DefaultConnectingIOReactor.java:158) [httpcore-nio-4.4.13.jar:4.4.13]
	at org.apache.http.impl.nio.reactor.AbstractMultiworkerIOReactor.execute(AbstractMultiworkerIOReactor.java:351) [httpcore-nio-4.4.13.jar:4.4.13]
	at org.apache.http.impl.nio.conn.PoolingNHttpClientConnectionManager.execute(PoolingNHttpClientConnectionManager.java:221) [httpasyncclient-4.1.4.jar:4.1.4]
	at org.apache.http.impl.nio.client.CloseableHttpAsyncClientBase$1.run(CloseableHttpAsyncClientBase.java:64) [httpasyncclient-4.1.4.jar:4.1.4]
	at java.lang.Thread.run(Thread.java:834) [?:?]
2021-10-01 13:06:48,441 ERROR o.a.j.v.b.i.HttpMetricsSender: failed to send data to influxDB server.
java.net.ConnectException: Connection refused: no further information
	at sun.nio.ch.SocketChannelImpl.checkConnect(Native Method) ~[?:?]
	at sun.nio.ch.SocketChannelImpl.finishConnect(SocketChannelImpl.java:779) ~[?:?]
	at org.apache.http.impl.nio.reactor.DefaultConnectingIOReactor.processEvent(DefaultConnectingIOReactor.java:174) [httpcore-nio-4.4.13.jar:4.4.13]
	at org.apache.http.impl.nio.reactor.DefaultConnectingIOReactor.processEvents(DefaultConnectingIOReactor.java:148) [httpcore-nio-4.4.13.jar:4.4.13]
	at org.apache.http.impl.nio.reactor.AbstractMultiworkerIOReactor.execute(AbstractMultiworkerIOReactor.java:351) [httpcore-nio-4.4.13.jar:4.4.13]
	at org.apache.http.impl.nio.conn.PoolingNHttpClientConnectionManager.execute(PoolingNHttpClientConnectionManager.java:221) [httpasyncclient-4.1.4.jar:4.1.4]
	at org.apache.http.impl.nio.client.CloseableHttpAsyncClientBase$1.run(CloseableHttpAsyncClientBase.java:64) [httpasyncclient-4.1.4.jar:4.1.4]
	at java.lang.Thread.run(Thread.java:834) [?:?]
2021-10-01 13:06:48,760 INFO o.a.j.t.JMeterThread: Stopping because end time detected by thread: jp@gc - Stepping Thread Group - For all scenario 1-3
2021-10-01 13:06:48,760 INFO o.a.j.t.JMeterThread: Thread finished: jp@gc - Stepping Thread Group - For all scenario 1-3
2021-10-01 13:06:48,949 INFO o.a.j.t.JMeterThread: Stopping because end time detected by thread: jp@gc - Stepping Thread Group - For all scenario 1-4
2021-10-01 13:06:48,950 INFO o.a.j.t.JMeterThread: Thread finished: jp@gc - Stepping Thread Group - For all scenario 1-4
2021-10-01 13:06:48,986 INFO o.a.j.t.JMeterThread: Stopping because end time detected by thread: jp@gc - Stepping Thread Group - For all scenario 1-2
2021-10-01 13:06:48,987 INFO o.a.j.t.JMeterThread: Thread finished: jp@gc - Stepping Thread Group - For all scenario 1-2
2021-10-01 13:06:49,053 INFO o.a.j.t.JMeterThread: Stopping because end time detected by thread: jp@gc - Stepping Thread Group - For all scenario 1-5
2021-10-01 13:06:49,055 INFO o.a.j.t.JMeterThread: Thread finished: jp@gc - Stepping Thread Group - For all scenario 1-5
2021-10-01 13:06:49,077 INFO o.a.j.t.JMeterThread: Stopping because end time detected by thread: jp@gc - Stepping Thread Group - For all scenario 1-1
2021-10-01 13:06:49,078 INFO o.a.j.t.JMeterThread: Thread finished: jp@gc - Stepping Thread Group - For all scenario 1-1
2021-10-01 13:06:49,078 INFO o.a.j.e.StandardJMeterEngine: Notifying test listeners of end of test
2021-10-01 13:06:49,080 INFO o.a.j.s.FileServer: Close: Credentials.csv
2021-10-01 13:06:49,080 INFO o.a.j.s.FileServer: Close: testcases.csv
2021-10-01 13:06:49,083 INFO o.a.j.v.b.BackendListener: Worker ended
2021-10-01 13:06:49,084 INFO o.a.j.v.b.i.InfluxdbBackendListenerClient: Sending last metrics to InfluxDB
2021-10-01 13:06:49,090 INFO o.a.j.v.b.i.HttpMetricsSender: Destroying 
2021-10-01 13:06:50,091 ERROR o.a.j.v.b.i.HttpMetricsSender: failed to send data to influxDB server.
java.net.ConnectException: Timeout connecting to [localhost/127.0.0.1:8086]
	at org.apache.http.nio.pool.RouteSpecificPool.timeout(RouteSpecificPool.java:169) [httpcore-nio-4.4.13.jar:4.4.13]
	at org.apache.http.nio.pool.AbstractNIOConnPool.requestTimeout(AbstractNIOConnPool.java:632) [httpcore-nio-4.4.13.jar:4.4.13]
	at org.apache.http.nio.pool.AbstractNIOConnPool$InternalSessionRequestCallback.timeout(AbstractNIOConnPool.java:898) [httpcore-nio-4.4.13.jar:4.4.13]
	at org.apache.http.impl.nio.reactor.SessionRequestImpl.timeout(SessionRequestImpl.java:198) [httpcore-nio-4.4.13.jar:4.4.13]
	at org.apache.http.impl.nio.reactor.DefaultConnectingIOReactor.processTimeouts(DefaultConnectingIOReactor.java:213) [httpcore-nio-4.4.13.jar:4.4.13]
	at org.apache.http.impl.nio.reactor.DefaultConnectingIOReactor.processEvents(DefaultConnectingIOReactor.java:158) [httpcore-nio-4.4.13.jar:4.4.13]
	at org.apache.http.impl.nio.reactor.AbstractMultiworkerIOReactor.execute(AbstractMultiworkerIOReactor.java:351) [httpcore-nio-4.4.13.jar:4.4.13]
	at org.apache.http.impl.nio.conn.PoolingNHttpClientConnectionManager.execute(PoolingNHttpClientConnectionManager.java:221) [httpasyncclient-4.1.4.jar:4.1.4]
	at org.apache.http.impl.nio.client.CloseableHttpAsyncClientBase$1.run(CloseableHttpAsyncClientBase.java:64) [httpasyncclient-4.1.4.jar:4.1.4]
	at java.lang.Thread.run(Thread.java:834) [?:?]
2021-10-01 13:06:50,091 ERROR o.a.j.v.b.i.HttpMetricsSender: Error waiting for last request to be send to InfluxDB
java.util.concurrent.ExecutionException: java.net.ConnectException: Timeout connecting to [localhost/127.0.0.1:8086]
	at org.apache.http.concurrent.BasicFuture.getResult(BasicFuture.java:71) ~[httpcore-4.4.13.jar:4.4.13]
	at org.apache.http.concurrent.BasicFuture.get(BasicFuture.java:102) ~[httpcore-4.4.13.jar:4.4.13]
	at org.apache.http.impl.nio.client.FutureWrapper.get(FutureWrapper.java:75) ~[httpasyncclient-4.1.4.jar:4.1.4]
	at org.apache.jmeter.visualizers.backend.influxdb.HttpMetricsSender.destroy(HttpMetricsSender.java:252) [ApacheJMeter_components.jar:5.4.1]
	at org.apache.jmeter.visualizers.backend.influxdb.InfluxdbBackendListenerClient.teardownTest(InfluxdbBackendListenerClient.java:420) [ApacheJMeter_components.jar:5.4.1]
	at org.apache.jmeter.visualizers.backend.BackendListener.testEnded(BackendListener.java:375) [ApacheJMeter_components.jar:5.4.1]
	at org.apache.jmeter.visualizers.backend.BackendListener.testEnded(BackendListener.java:383) [ApacheJMeter_components.jar:5.4.1]
	at org.apache.jmeter.engine.StandardJMeterEngine.notifyTestListenersOfEnd(StandardJMeterEngine.java:218) [ApacheJMeter_core.jar:5.4.1]
	at org.apache.jmeter.engine.StandardJMeterEngine.run(StandardJMeterEngine.java:493) [ApacheJMeter_core.jar:5.4.1]
	at java.lang.Thread.run(Thread.java:834) [?:?]
Caused by: java.net.ConnectException: Timeout connecting to [localhost/127.0.0.1:8086]
	at org.apache.http.nio.pool.RouteSpecificPool.timeout(RouteSpecificPool.java:169) ~[httpcore-nio-4.4.13.jar:4.4.13]
	at org.apache.http.nio.pool.AbstractNIOConnPool.requestTimeout(AbstractNIOConnPool.java:632) ~[httpcore-nio-4.4.13.jar:4.4.13]
	at org.apache.http.nio.pool.AbstractNIOConnPool$InternalSessionRequestCallback.timeout(AbstractNIOConnPool.java:898) ~[httpcore-nio-4.4.13.jar:4.4.13]
	at org.apache.http.impl.nio.reactor.SessionRequestImpl.timeout(SessionRequestImpl.java:198) ~[httpcore-nio-4.4.13.jar:4.4.13]
	at org.apache.http.impl.nio.reactor.DefaultConnectingIOReactor.processTimeouts(DefaultConnectingIOReactor.java:213) ~[httpcore-nio-4.4.13.jar:4.4.13]
	at org.apache.http.impl.nio.reactor.DefaultConnectingIOReactor.processEvents(DefaultConnectingIOReactor.java:158) ~[httpcore-nio-4.4.13.jar:4.4.13]
	at org.apache.http.impl.nio.reactor.AbstractMultiworkerIOReactor.execute(AbstractMultiworkerIOReactor.java:351) ~[httpcore-nio-4.4.13.jar:4.4.13]
	at org.apache.http.impl.nio.conn.PoolingNHttpClientConnectionManager.execute(PoolingNHttpClientConnectionManager.java:221) ~[httpasyncclient-4.1.4.jar:4.1.4]
	at org.apache.http.impl.nio.client.CloseableHttpAsyncClientBase$1.run(CloseableHttpAsyncClientBase.java:64) ~[httpasyncclient-4.1.4.jar:4.1.4]
	... 1 more
2021-10-01 13:06:50,144 INFO o.a.j.r.Summariser: summary +      7 in 00:00:16 =    0.4/s Avg:  4702 Min:     0 Max: 13854 Err:     5 (71.43%) Active: 0 Started: 5 Finished: 5
2021-10-01 13:06:50,146 INFO o.a.j.r.Summariser: summary =     25 in 00:02:28 =    0.2/s Avg:  1316 Min:     0 Max: 13854 Err:     5 (20.00%)
2021-10-01 13:06:50,148 INFO o.a.j.JMeter: Generating Dashboard
2021-10-01 13:06:50,148 INFO o.a.j.r.d.ReportGenerator: Flushing result collector before report Generation
2021-10-01 13:06:50,183 INFO o.a.j.r.p.NormalizerSampleConsumer: Using format, 'ms', to parse timeStamp field
2021-10-01 13:06:50,417 INFO o.a.j.r.p.AbstractSampleConsumer: class org.apache.jmeter.report.processor.AggregateConsumer#stopProducing(): beginDate produced 0 samples
2021-10-01 13:06:50,417 INFO o.a.j.r.p.AbstractSampleConsumer: class org.apache.jmeter.report.processor.AggregateConsumer#stopProducing(): endDate produced 0 samples
2021-10-01 13:06:50,420 INFO o.a.j.r.p.AbstractSampleConsumer: class org.apache.jmeter.report.processor.ApdexSummaryConsumer#stopProducing(): apdexSummary produced 0 samples
2021-10-01 13:06:50,420 INFO o.a.j.r.p.AbstractSampleConsumer: class org.apache.jmeter.report.processor.RequestsSummaryConsumer#stopProducing(): requestsSummary produced 0 samples
2021-10-01 13:06:50,422 INFO o.a.j.r.p.AbstractSampleConsumer: class org.apache.jmeter.report.processor.StatisticsSummaryConsumer#stopProducing(): statisticsSummary produced 0 samples
2021-10-01 13:06:50,425 INFO o.a.j.r.p.AbstractSampleConsumer: class org.apache.jmeter.report.processor.Top5ErrorsBySamplerConsumer#stopProducing(): top5ErrorsBySampler produced 0 samples
2021-10-01 13:06:50,425 INFO o.a.j.r.p.AbstractSampleConsumer: class org.apache.jmeter.report.processor.ErrorsSummaryConsumer#stopProducing(): errorsSummary produced 0 samples
2021-10-01 13:06:50,425 INFO o.a.j.r.p.AbstractSampleConsumer: class org.apache.jmeter.report.processor.graph.impl.HitsPerSecondGraphConsumer#stopProducing(): hitsPerSecond produced 0 samples
2021-10-01 13:06:50,458 INFO o.a.j.r.p.AbstractSampleConsumer: class org.apache.jmeter.report.processor.graph.impl.LatencyVSRequestGraphConsumer#stopProducing(): latencyVsRequest produced 0 samples
2021-10-01 13:06:50,459 INFO o.a.j.r.p.AbstractSampleConsumer: class org.apache.jmeter.report.processor.graph.impl.SyntheticResponseTimeDistributionGraphConsumer#stopProducing(): syntheticResponseTimeDistribution produced 0 samples
2021-10-01 13:06:50,459 INFO o.a.j.r.p.AbstractSampleConsumer: class org.apache.jmeter.report.processor.graph.impl.BytesThroughputGraphConsumer#stopProducing(): bytesThroughputOverTime produced 0 samples
2021-10-01 13:06:50,459 INFO o.a.j.r.p.AbstractSampleConsumer: class org.apache.jmeter.report.processor.graph.impl.CodesPerSecondGraphConsumer#stopProducing(): codesPerSecond produced 0 samples
2021-10-01 13:06:50,478 INFO o.a.j.r.p.AbstractSampleConsumer: class org.apache.jmeter.report.processor.graph.impl.ResponseTimeVSRequestGraphConsumer#stopProducing(): responseTimeVsRequest produced 0 samples
2021-10-01 13:06:50,479 INFO o.a.j.r.p.AbstractSampleConsumer: class org.apache.jmeter.report.processor.FilterConsumer#stopProducing(): startIntervalControlerFilter produced 4137 samples
2021-10-01 13:06:50,479 INFO o.a.j.r.p.AbstractSampleConsumer: class org.apache.jmeter.report.processor.graph.impl.TotalTPSGraphConsumer#stopProducing(): totalTPS produced 0 samples
2021-10-01 13:06:50,479 INFO o.a.j.r.p.AbstractSampleConsumer: class org.apache.jmeter.report.processor.graph.impl.ActiveThreadsGraphConsumer#stopProducing(): activeThreadsOverTime produced 0 samples
2021-10-01 13:06:50,479 INFO o.a.j.r.p.AbstractSampleConsumer: class org.apache.jmeter.report.processor.graph.impl.TimeVSThreadGraphConsumer#stopProducing(): timeVsThreads produced 0 samples
2021-10-01 13:06:50,486 INFO o.a.j.r.p.AbstractSampleConsumer: class org.apache.jmeter.report.processor.graph.impl.ResponseTimeDistributionGraphConsumer#stopProducing(): responseTimeDistribution produced 0 samples
2021-10-01 13:06:50,487 INFO o.a.j.r.p.AbstractSampleConsumer: class org.apache.jmeter.report.processor.graph.impl.TransactionsPerSecondGraphConsumer#stopProducing(): transactionsPerSecond produced 0 samples
2021-10-01 13:06:50,488 INFO o.a.j.r.p.AbstractSampleConsumer: class org.apache.jmeter.report.processor.graph.impl.ResponseTimePercentilesGraphConsumer#stopProducing(): responseTimePercentiles produced 0 samples
2021-10-01 13:06:50,501 INFO o.a.j.r.p.AbstractSampleConsumer: class org.apache.jmeter.report.processor.graph.impl.ResponseTimePercentilesOverTimeGraphConsumer#stopProducing(): responseTimePercentilesOverTime produced 0 samples
2021-10-01 13:06:50,502 INFO o.a.j.r.p.AbstractSampleConsumer: class org.apache.jmeter.report.processor.graph.impl.ResponseTimeOverTimeGraphConsumer#stopProducing(): responseTimesOverTime produced 0 samples
2021-10-01 13:06:50,502 INFO o.a.j.r.p.AbstractSampleConsumer: class org.apache.jmeter.report.processor.graph.impl.ConnectTimeOverTimeGraphConsumer#stopProducing(): connectTimeOverTime produced 0 samples
2021-10-01 13:06:50,503 INFO o.a.j.r.p.AbstractSampleConsumer: class org.apache.jmeter.report.processor.graph.impl.LatencyOverTimeGraphConsumer#stopProducing(): latenciesOverTime produced 0 samples
2021-10-01 13:06:50,503 INFO o.a.j.r.p.AbstractSampleConsumer: class org.apache.jmeter.report.processor.FilterConsumer#stopProducing(): nameFilter produced 10230 samples
2021-10-01 13:06:50,503 INFO o.a.j.r.p.AbstractSampleConsumer: class org.apache.jmeter.report.processor.FilterConsumer#stopProducing(): dateRangeFilter produced 2046 samples
2021-10-01 13:06:50,503 INFO o.a.j.r.p.AbstractSampleConsumer: class org.apache.jmeter.report.processor.NormalizerSampleConsumer#stopProducing(): normalizer produced 682 samples
2021-10-01 13:06:50,504 INFO o.a.j.r.p.CsvFileSampleSource: produce(): 682 samples produced in 269ms on channel 0
2021-10-01 13:06:50,504 INFO o.a.j.r.d.ReportGenerator: Exporting data using exporter:'json' of className:'org.apache.jmeter.report.dashboard.JsonExporter'
2021-10-01 13:06:50,700 INFO o.a.j.r.d.JsonExporter: Found data for consumer statisticsSummaryin context
2021-10-01 13:06:50,700 INFO o.a.j.r.d.JsonExporter: Creating statistics for overall
2021-10-01 13:06:50,700 INFO o.a.j.r.d.JsonExporter: Creating statistics for other transactions
2021-10-01 13:06:50,701 INFO o.a.j.r.d.JsonExporter: Checking output folder
2021-10-01 13:06:50,701 INFO o.a.j.r.d.JsonExporter: Writing statistics JSON to E:\apache-jmeter-5.4.1\sampleProject\Report\statistics.json
2021-10-01 13:06:50,776 INFO o.a.j.r.d.ReportGenerator: Exporting data using exporter:'html' of className:'org.apache.jmeter.report.dashboard.HtmlTemplateExporter'
2021-10-01 13:06:50,781 INFO o.a.j.r.d.HtmlTemplateExporter: Will generate dashboard in folder: E:\apache-jmeter-5.4.1\sampleProject\Report
2021-10-01 13:06:51,382 INFO o.a.j.r.d.HtmlTemplateExporter: Report will be generated in: E:\apache-jmeter-5.4.1\sampleProject\Report, creating folder structure
2021-10-01 13:06:51,408 INFO o.a.j.r.d.TemplateVisitor: Copying folder from 'E:\apache-jmeter-5.4.1\bin\report-template' to 'E:\apache-jmeter-5.4.1\sampleProject\Report', got message: E:\apache-jmeter-5.4.1\sampleProject\Report, found non empty folder with following content [E:\apache-jmeter-5.4.1\sampleProject\Report\statistics.json], will be ignored
2021-10-01 13:06:55,726 INFO o.a.j.JMeter: Dashboard generated
